2018-04-26T00:28:36+00:00 ERR (3): 
exception 'Zend_Mail_Protocol_Exception' with message '5.7.1 \<Jaqw1968@gmail.com>: Sender address rejected: not owned by user info@offshorecheapmeds.com
' in /home/ocmocm/public_html/lib/Zend/Mail/Protocol/Abstract.php:431
Stack trace:
#0 /home/ocmocm/public_html/lib/Zend/Mail/Protocol/Smtp.php(289): Zend_Mail_Protocol_Abstract->_expect(Array, 300)
#1 /home/ocmocm/public_html/lib/Zend/Mail/Transport/Smtp.php(211): Zend_Mail_Protocol_Smtp->rcpt('tech@offshorech...')
#2 /home/ocmocm/public_html/lib/Zend/Mail/Transport/Abstract.php(348): Zend_Mail_Transport_Smtp->_sendMail()
#3 /home/ocmocm/public_html/lib/Zend/Mail.php(1194): Zend_Mail_Transport_Abstract->send(Object(Zend_Mail))
#4 /home/ocmocm/public_html/app/code/local/Aschroder/SMTPPro/Model/Email/Template.php(132): Zend_Mail->send(Object(Zend_Mail_Transport_Smtp))
#5 /home/ocmocm/public_html/app/code/local/Mage/Core/Model/Email/Template.php(508): Aschroder_SMTPPro_Model_Email_Template->send('tech@offshorech...', 'Team OCM', Array)
#6 /home/ocmocm/public_html/app/code/local/Tvbocm/RefillOrderForm/controllers/IndexController.php(86): Mage_Core_Model_Email_Template->sendTransactional(30, Array, 'tech@offshorech...', 'Team OCM', Array)
#7 /home/ocmocm/public_html/app/code/core/Mage/Core/Controller/Varien/Action.php(418): Tvbocm_RefillOrderForm_IndexController->postAction()
#8 /home/ocmocm/public_html/app/code/core/Mage/Core/Controller/Varien/Router/Standard.php(254): Mage_Core_Controller_Varien_Action->dispatch('post')
#9 /home/ocmocm/public_html/app/code/core/Mage/Core/Controller/Varien/Front.php(172): Mage_Core_Controller_Varien_Router_Standard->match(Object(Mage_Core_Controller_Request_Http))
#10 /home/ocmocm/public_html/app/code/core/Mage/Core/Model/App.php(365): Mage_Core_Controller_Varien_Front->dispatch()
#11 /home/ocmocm/public_html/app/Mage.php(684): Mage_Core_Model_App->run(Array)
#12 /home/ocmocm/public_html/index.php(90): Mage::run('', 'store')
#13 {main}




2018-04-26T04:39:37+00:00 ERR (3): 
exception 'Zend_Mail_Protocol_Exception' with message '5.7.1 \<test@testi.com>: Sender address rejected: not owned by user info@offshorecheapmeds.com
' in /home/ocmocm/public_html/lib/Zend/Mail/Protocol/Abstract.php:431
Stack trace:
#0 /home/ocmocm/public_html/lib/Zend/Mail/Protocol/Smtp.php(289): Zend_Mail_Protocol_Abstract->_expect(Array, 300)
#1 /home/ocmocm/public_html/lib/Zend/Mail/Transport/Smtp.php(211): Zend_Mail_Protocol_Smtp->rcpt('tech@offshorech...')
#2 /home/ocmocm/public_html/lib/Zend/Mail/Transport/Abstract.php(348): Zend_Mail_Transport_Smtp->_sendMail()
#3 /home/ocmocm/public_html/lib/Zend/Mail.php(1194): Zend_Mail_Transport_Abstract->send(Object(Zend_Mail))
#4 /home/ocmocm/public_html/app/code/local/Aschroder/SMTPPro/Model/Email/Template.php(132): Zend_Mail->send(Object(Zend_Mail_Transport_Smtp))
#5 /home/ocmocm/public_html/app/code/local/Mage/Core/Model/Email/Template.php(508): Aschroder_SMTPPro_Model_Email_Template->send('tech@offshorech...', 'Team OCM', Array)
#6 /home/ocmocm/public_html/app/code/local/Tvbocm/RefillOrderForm/controllers/IndexController.php(86): Mage_Core_Model_Email_Template->sendTransactional(30, Array, 'tech@offshorech...', 'Team OCM', Array)
#7 /home/ocmocm/public_html/app/code/core/Mage/Core/Controller/Varien/Action.php(418): Tvbocm_RefillOrderForm_IndexController->postAction()
#8 /home/ocmocm/public_html/app/code/core/Mage/Core/Controller/Varien/Router/Standard.php(254): Mage_Core_Controller_Varien_Action->dispatch('post')
#9 /home/ocmocm/public_html/app/code/core/Mage/Core/Controller/Varien/Front.php(172): Mage_Core_Controller_Varien_Router_Standard->match(Object(Mage_Core_Controller_Request_Http))
#10 /home/ocmocm/public_html/app/code/core/Mage/Core/Model/App.php(365): Mage_Core_Controller_Varien_Front->dispatch()
#11 /home/ocmocm/public_html/app/Mage.php(684): Mage_Core_Model_App->run(Array)
#12 /home/ocmocm/public_html/index.php(90): Mage::run('', 'store')
#13 {main}